


ARM Macro Assembler    Page 1 


    1 00000000                 AREA             RESET, DATA, READONLY
    2 00000000                 EXPORT           __Vectors
    3 00000000         
    4 00000000         __Vectors
    5 00000000 10001000        DCD              0x10001000
    6 00000004 00000000        DCD              Reset_Handler
    7 00000008                 ALIGN
    8 00000008         
    9 00000008                 AREA             mycode, CODE, READONLY
   10 00000000                 ENTRY
   11 00000000                 EXPORT           Reset_Handler
   12 00000000         
   13 00000000         Reset_Handler
   14 00000000 F04F 0005       MOV              R0, #5
   15 00000004 F000 F801       BL               factorial
   16 00000008 E010            B                done
   17 0000000A         
   18 0000000A         factorial
   19 0000000A B501            PUSH             {R0, LR}
   20 0000000C         
   21 0000000C 2801            CMP              R0, #1
   22 0000000E DD08            BLE              base_case
   23 00000010         
   24 00000010 F1A0 0001       SUB              R0, R0, #1
   25 00000014 F7FF FFF9       BL               factorial
   26 00000018         
   27 00000018 E8BD 4002       POP              {R1, LR}
   28 0000001C FB00 F001       MUL              R0, R0, R1
   29 00000020 4770            BX               LR
   30 00000022         
   31 00000022         base_case
   32 00000022 F04F 0001       MOV              R0, #1
   33 00000026 E8BD 4002       POP              {R1, LR}
   34 0000002A 4770            BX               LR
   35 0000002C         
   36 0000002C E7FE    done    B                done
   37 0000002E         
   38 0000002E                 AREA             mydata, DATA, READWRITE
                       
Command Line: --debug --xref --cpu=Cortex-M3 --apcs=interwork --depend=Q2.d -oQ
2.o -IC:\Keil\ARM\RV31\INC -IC:\Keil\ARM\CMSIS\Include -IC:\Keil\ARM\Inc\NXP\LP
C17xx --predefine="__EVAL SETA 1" --list=Q2.lst Q2.asm



ARM Macro Assembler    Page 1 Alphabetic symbol ordering
Relocatable symbols

RESET 00000000

Symbol: RESET
   Definitions
      At line 1 in file Q2.asm
   Uses
      None
Comment: RESET unused
__Vectors 00000000

Symbol: __Vectors
   Definitions
      At line 4 in file Q2.asm
   Uses
      At line 2 in file Q2.asm
Comment: __Vectors used once
2 symbols



ARM Macro Assembler    Page 1 Alphabetic symbol ordering
Relocatable symbols

Reset_Handler 00000000

Symbol: Reset_Handler
   Definitions
      At line 13 in file Q2.asm
   Uses
      At line 6 in file Q2.asm
      At line 11 in file Q2.asm

base_case 00000022

Symbol: base_case
   Definitions
      At line 31 in file Q2.asm
   Uses
      At line 22 in file Q2.asm
Comment: base_case used once
done 0000002C

Symbol: done
   Definitions
      At line 36 in file Q2.asm
   Uses
      At line 16 in file Q2.asm
      At line 36 in file Q2.asm

factorial 0000000A

Symbol: factorial
   Definitions
      At line 18 in file Q2.asm
   Uses
      At line 15 in file Q2.asm
      At line 25 in file Q2.asm

mycode 00000000

Symbol: mycode
   Definitions
      At line 9 in file Q2.asm
   Uses
      None
Comment: mycode unused
5 symbols



ARM Macro Assembler    Page 1 Alphabetic symbol ordering
Relocatable symbols

mydata 00000000

Symbol: mydata
   Definitions
      At line 38 in file Q2.asm
   Uses
      None
Comment: mydata unused
1 symbol
339 symbols in table
