


ARM Macro Assembler    Page 1 


    1 00000000                 AREA             RESET, DATA, READONLY
    2 00000000                 EXPORT           __Vectors
    3 00000000         
    4 00000000         __Vectors
    5 00000000 10001000        DCD              0x10001000
    6 00000004 00000000        DCD              Reset_Handler
    7 00000008                 ALIGN
    8 00000008         
    9 00000008                 AREA             mycode, CODE, READONLY
   10 00000000                 ENTRY
   11 00000000                 EXPORT           Reset_Handler
   12 00000000         
   13 00000000         Reset_Handler
   14 00000000 4812            LDR              R0, = NUM1  ; R0 = base address
                                                             of array
   15 00000002 F04F 0105       MOV              R1, #5      ; R1 = hardcoded ar
                                                            ray length
   16 00000006 F04F 0200       MOV              R2, #0      ; R2 = index (i)
   17 0000000A F64D 43EF       MOV              R3, #0xDCEF ; R3 = target value
                                                             to search
   18 0000000E         
   19 0000000E         search_loop
   20 0000000E 428A            CMP              R2, R1
   21 00000010 DA08            BGE              not_found   ; if i >= length, n
                                                            ot found
   22 00000012         
   23 00000012 EB00 0482       ADD              R4, R0, R2, LSL #2 ; R4 = addre
                                                            ss of array[i]
   24 00000016 6825            LDR              R5, [R4]    ; R5 = array[i]
   25 00000018         
   26 00000018 429D            CMP              R5, R3
   27 0000001A D002            BEQ              found       ; if array[i] == ta
                                                            rget, found
   28 0000001C         
   29 0000001C F102 0201       ADD              R2, R2, #1  ; i++
   30 00000020 E7F5            B                search_loop
   31 00000022         
   32 00000022         found
   33 00000022         ; R2 contains the index of the found element
   34 00000022 E001            B                done
   35 00000024         
   36 00000024         not_found
   37 00000024 F04F 32FF       MOV              R2, #-1     ; R2 = -1 (not foun
                                                            d)
   38 00000028         
   39 00000028         done
   40 00000028 E7FE            B                done
   41 0000002A         
   42 0000002A         
   43 0000002A         
   44 0000002A E7FE    STOP    B                STOP
   45 0000002C 0ABCDF12 
              00012345 
              0000DCEF 
              00AB1234 NUM1    DCD              0xABCDF12, 0x12345, 0xDCEF, 0xA
B1234
   46 0000003C 00103221 
              21231223 
              0023FE1A 



ARM Macro Assembler    Page 2 


              00AB564E NUM2    DCD              0x103221, 0x21231223, 0x23FE1A,
 0xAB564E
   47 0000004C 00000000        AREA             mydata, DATA, READWRITE
   48 00000000 00000000 
              00000000 
              00000000 
              00000000 RES     DCD              0,0,0,0
   49 00000010         
   50 00000010         
   51 00000010                 END
Command Line: --debug --xref --cpu=Cortex-M3 --apcs=interwork --depend=Q3.d -oQ
3.o -IC:\Keil\ARM\RV31\INC -IC:\Keil\ARM\CMSIS\Include -IC:\Keil\ARM\Inc\NXP\LP
C17xx --predefine="__EVAL SETA 1" --list=Q3.lst Q3.asm



ARM Macro Assembler    Page 1 Alphabetic symbol ordering
Relocatable symbols

RESET 00000000

Symbol: RESET
   Definitions
      At line 1 in file Q3.asm
   Uses
      None
Comment: RESET unused
__Vectors 00000000

Symbol: __Vectors
   Definitions
      At line 4 in file Q3.asm
   Uses
      At line 2 in file Q3.asm
Comment: __Vectors used once
2 symbols



ARM Macro Assembler    Page 1 Alphabetic symbol ordering
Relocatable symbols

NUM1 0000002C

Symbol: NUM1
   Definitions
      At line 45 in file Q3.asm
   Uses
      At line 14 in file Q3.asm
Comment: NUM1 used once
NUM2 0000003C

Symbol: NUM2
   Definitions
      At line 46 in file Q3.asm
   Uses
      None
Comment: NUM2 unused
Reset_Handler 00000000

Symbol: Reset_Handler
   Definitions
      At line 13 in file Q3.asm
   Uses
      At line 6 in file Q3.asm
      At line 11 in file Q3.asm

STOP 0000002A

Symbol: STOP
   Definitions
      At line 44 in file Q3.asm
   Uses
      At line 44 in file Q3.asm
Comment: STOP used once
done 00000028

Symbol: done
   Definitions
      At line 39 in file Q3.asm
   Uses
      At line 34 in file Q3.asm
      At line 40 in file Q3.asm

found 00000022

Symbol: found
   Definitions
      At line 32 in file Q3.asm
   Uses
      At line 27 in file Q3.asm
Comment: found used once
mycode 00000000

Symbol: mycode
   Definitions
      At line 9 in file Q3.asm
   Uses
      None
Comment: mycode unused
not_found 00000024



ARM Macro Assembler    Page 2 Alphabetic symbol ordering
Relocatable symbols


Symbol: not_found
   Definitions
      At line 36 in file Q3.asm
   Uses
      At line 21 in file Q3.asm
Comment: not_found used once
search_loop 0000000E

Symbol: search_loop
   Definitions
      At line 19 in file Q3.asm
   Uses
      At line 30 in file Q3.asm
Comment: search_loop used once
9 symbols



ARM Macro Assembler    Page 1 Alphabetic symbol ordering
Relocatable symbols

RES 00000000

Symbol: RES
   Definitions
      At line 48 in file Q3.asm
   Uses
      None
Comment: RES unused
mydata 00000000

Symbol: mydata
   Definitions
      At line 47 in file Q3.asm
   Uses
      None
Comment: mydata unused
2 symbols
346 symbols in table
