


ARM Macro Assembler    Page 1 


    1 00000000                 AREA             RESET, DATA, READONLY
    2 00000000                 EXPORT           __Vectors
    3 00000000         __Vectors
    4 00000000 10001000        DCD              0x10001000
    5 00000004 00000000        DCD              Reset_Handler
    6 00000008                 ALIGN
    7 00000008                 AREA             mycode, CODE, READONLY
    8 00000000                 ENTRY
    9 00000000                 EXPORT           Reset_Handler
   10 00000000         Reset_Handler
   11 00000000 4807            LDR              R0, = SRC
   12 00000002 6801            LDR              R1, [R0]
   13 00000004 F44F 3280       MOV              R2, #0x10000
   14 00000008 F640 23DF       MOV              R3, #0xADF
   15 0000000C F04F 0416       MOV              R4, #0x16
   16 00000010 E7FE    STOP    B                STOP
   17 00000012 00 00 12345678 
              0000ABCD 
              00A2B3C4 SRC     DCD              0x12345678, 0xABCD, 0xA2B3C4
   18 00000020                 END
              00000000 
Command Line: --debug --xref --cpu=Cortex-M3 --apcs=interwork --depend=secondPr
oject.d -osecondProject.o -IC:\Keil\ARM\RV31\INC -IC:\Keil\ARM\CMSIS\Include -I
C:\Keil\ARM\Inc\NXP\LPC17xx --predefine="__EVAL SETA 1" --list=secondProject.ls
t secondProject.asm



ARM Macro Assembler    Page 1 Alphabetic symbol ordering
Relocatable symbols

RESET 00000000

Symbol: RESET
   Definitions
      At line 1 in file secondProject.asm
   Uses
      None
Comment: RESET unused
__Vectors 00000000

Symbol: __Vectors
   Definitions
      At line 3 in file secondProject.asm
   Uses
      At line 2 in file secondProject.asm
Comment: __Vectors used once
2 symbols



ARM Macro Assembler    Page 1 Alphabetic symbol ordering
Relocatable symbols

Reset_Handler 00000000

Symbol: Reset_Handler
   Definitions
      At line 10 in file secondProject.asm
   Uses
      At line 5 in file secondProject.asm
      At line 9 in file secondProject.asm

SRC 00000014

Symbol: SRC
   Definitions
      At line 17 in file secondProject.asm
   Uses
      At line 11 in file secondProject.asm
Comment: SRC used once
STOP 00000010

Symbol: STOP
   Definitions
      At line 16 in file secondProject.asm
   Uses
      At line 16 in file secondProject.asm
Comment: STOP used once
mycode 00000000

Symbol: mycode
   Definitions
      At line 7 in file secondProject.asm
   Uses
      None
Comment: mycode unused
4 symbols
339 symbols in table
