


ARM Macro Assembler    Page 1 


    1 00000000                 AREA             RESET, DATA, READONLY
    2 00000000                 EXPORT           __Vectors
    3 00000000         
    4 00000000         __Vectors
    5 00000000 10001000        DCD              0x10001000
    6 00000004 00000000        DCD              Reset_Handler
    7 00000008                 ALIGN
    8 00000008         
    9 00000008                 AREA             mycode, CODE, READONLY
   10 00000000                 ENTRY
   11 00000000                 EXPORT           Reset_Handler
   12 00000000         
   13 00000000         Reset_Handler
   14 00000000 4813            LDR              R0, = NUM1
   15 00000002 4914            LDR              R1, = NUM2
   16 00000004 F04F 0204       MOV              R2, #4
   17 00000008 4E13            LDR              R6, = RES
   18 0000000A F04F 5700       MOV              R7, #0x20000000
   19 0000000E F387 8800       MSR              APSR_nzcvq, R7
   20 00000012         
   21 00000012         Up
   22 00000012 F850 3B04       LDR              R3, [R0], #4
   23 00000016 F851 4B04       LDR              R4, [R1], #4
   24 0000001A EB73 0504       SBCS             R5,R3,R4
   25 0000001E F1A2 0201       SUB              R2,#1
   26 00000022 F092 0F00       TEQ              R2,#0
   27 00000026 F846 5B04       STR              R5,[R6], #4
   28 0000002A D1F2            BNE              Up
   29 0000002C         
   30 0000002C         
   31 0000002C         
   32 0000002C         
   33 0000002C E7FE    STOP    B                STOP
   34 0000002E 00 00 0ABCDF12 
              00012345 
              0000DCEF 
              00AB1234 NUM1    DCD              0xABCDF12, 0x12345, 0xDCEF, 0xA
B1234
   35 00000040 00103221 
              21231223 
              0023FE1A 
              00AB564E NUM2    DCD              0x103221, 0x21231223, 0x23FE1A,
 0xAB564E
   36 00000050 00000000 
              00000000 
              00000000         AREA             mydata, DATA, READWRITE
   37 00000000 00000000 
              00000000 
              00000000 
              00000000 RES     DCD              0,0,0,0
   38 00000010         
   39 00000010         
   40 00000010                 END
Command Line: --debug --xref --cpu=Cortex-M3 --apcs=interwork --depend=Q4.d -oQ
4.o -IC:\Keil\ARM\RV31\INC -IC:\Keil\ARM\CMSIS\Include -IC:\Keil\ARM\Inc\NXP\LP
C177x_8x --predefine="__EVAL SETA 1" --list=Q4.lst Q4.asm



ARM Macro Assembler    Page 1 Alphabetic symbol ordering
Relocatable symbols

RESET 00000000

Symbol: RESET
   Definitions
      At line 1 in file Q4.asm
   Uses
      None
Comment: RESET unused
__Vectors 00000000

Symbol: __Vectors
   Definitions
      At line 4 in file Q4.asm
   Uses
      At line 2 in file Q4.asm
Comment: __Vectors used once
2 symbols



ARM Macro Assembler    Page 1 Alphabetic symbol ordering
Relocatable symbols

NUM1 00000030

Symbol: NUM1
   Definitions
      At line 34 in file Q4.asm
   Uses
      At line 14 in file Q4.asm
Comment: NUM1 used once
NUM2 00000040

Symbol: NUM2
   Definitions
      At line 35 in file Q4.asm
   Uses
      At line 15 in file Q4.asm
Comment: NUM2 used once
Reset_Handler 00000000

Symbol: Reset_Handler
   Definitions
      At line 13 in file Q4.asm
   Uses
      At line 6 in file Q4.asm
      At line 11 in file Q4.asm

STOP 0000002C

Symbol: STOP
   Definitions
      At line 33 in file Q4.asm
   Uses
      At line 33 in file Q4.asm
Comment: STOP used once
Up 00000012

Symbol: Up
   Definitions
      At line 21 in file Q4.asm
   Uses
      At line 28 in file Q4.asm
Comment: Up used once
mycode 00000000

Symbol: mycode
   Definitions
      At line 9 in file Q4.asm
   Uses
      None
Comment: mycode unused
6 symbols



ARM Macro Assembler    Page 1 Alphabetic symbol ordering
Relocatable symbols

RES 00000000

Symbol: RES
   Definitions
      At line 37 in file Q4.asm
   Uses
      At line 17 in file Q4.asm
Comment: RES used once
mydata 00000000

Symbol: mydata
   Definitions
      At line 36 in file Q4.asm
   Uses
      None
Comment: mydata unused
2 symbols
343 symbols in table
