


ARM Macro Assembler    Page 1 


    1 00000000                 AREA             RESET, DATA, READONLY
    2 00000000                 EXPORT           __Vectors
    3 00000000         
    4 00000000         __Vectors
    5 00000000 10001000        DCD              0x10001000
    6 00000004 00000000        DCD              Reset_Handler
    7 00000008                 ALIGN
    8 00000008         
    9 00000008                 AREA             mycode, CODE, READONLY
   10 00000000                 ENTRY
   11 00000000                 EXPORT           Reset_Handler
   12 00000000         
   13 00000000         Reset_Handler
   14 00000000 480F            LDR              R0, =SRC
   15 00000002 4910            LDR              R1, =DST
   16 00000004 F04F 0204       MOV              R2, #4
   17 00000008         
   18 00000008         Up
   19 00000008 F100 0004       ADD              R0, R0, #4
   20 0000000C 1E52            SUBS             R2, R2, #1
   21 0000000E D1FB            BNE              Up          ;
   22 00000010         Exec
   23 00000010 6008            STR              R0,[R1]
   24 00000012 680C            LDR              R4,[R1]
   25 00000014 6824            LDR              R4,[R4]
   26 00000016         
   27 00000016         
   28 00000016 E7FE    STOP    B                STOP
   29 00000018 000ABCDF 
              00012345 
              0000DCEF 
              00AB1234 
              00001032 
              21231223 
              0023FE1A 
              00AB564E 
              00012345 
              ABCDE123 SRC     DCD              0xABCDF, 0x12345, 0xDCEF, 0xAB1
234, 0x1032, 0x21231223, 0x23FE1A, 0xAB564E, 0x12345, 0xABCDE123
   30 00000040 00000000 
              00000000         AREA             mydata, DATA, READWRITE
   31 00000000 00000000 
                       DST     DCD              0
   32 00000004         
   33 00000004         
   34 00000004                 END
Command Line: --debug --xref --cpu=Cortex-M3 --apcs=interwork --depend=Q2.d -oQ
2.o -IC:\Keil\ARM\RV31\INC -IC:\Keil\ARM\CMSIS\Include -IC:\Keil\ARM\Inc\NXP\LP
C17xx --predefine="__EVAL SETA 1" --list=Q2.lst Q2.asm



ARM Macro Assembler    Page 1 Alphabetic symbol ordering
Relocatable symbols

RESET 00000000

Symbol: RESET
   Definitions
      At line 1 in file Q2.asm
   Uses
      None
Comment: RESET unused
__Vectors 00000000

Symbol: __Vectors
   Definitions
      At line 4 in file Q2.asm
   Uses
      At line 2 in file Q2.asm
Comment: __Vectors used once
2 symbols



ARM Macro Assembler    Page 1 Alphabetic symbol ordering
Relocatable symbols

Exec 00000010

Symbol: Exec
   Definitions
      At line 22 in file Q2.asm
   Uses
      None
Comment: Exec unused
Reset_Handler 00000000

Symbol: Reset_Handler
   Definitions
      At line 13 in file Q2.asm
   Uses
      At line 6 in file Q2.asm
      At line 11 in file Q2.asm

SRC 00000018

Symbol: SRC
   Definitions
      At line 29 in file Q2.asm
   Uses
      At line 14 in file Q2.asm
Comment: SRC used once
STOP 00000016

Symbol: STOP
   Definitions
      At line 28 in file Q2.asm
   Uses
      At line 28 in file Q2.asm
Comment: STOP used once
Up 00000008

Symbol: Up
   Definitions
      At line 18 in file Q2.asm
   Uses
      At line 21 in file Q2.asm
Comment: Up used once
mycode 00000000

Symbol: mycode
   Definitions
      At line 9 in file Q2.asm
   Uses
      None
Comment: mycode unused
6 symbols



ARM Macro Assembler    Page 1 Alphabetic symbol ordering
Relocatable symbols

DST 00000000

Symbol: DST
   Definitions
      At line 31 in file Q2.asm
   Uses
      At line 15 in file Q2.asm
Comment: DST used once
mydata 00000000

Symbol: mydata
   Definitions
      At line 30 in file Q2.asm
   Uses
      None
Comment: mydata unused
2 symbols
343 symbols in table
