


ARM Macro Assembler    Page 1 


    1 00000000                 AREA             RESET, DATA, READONLY
    2 00000000                 EXPORT           __Vectors
    3 00000000         
    4 00000000         __Vectors
    5 00000000 10001000        DCD              0x10001000
    6 00000004 00000000        DCD              Reset_Handler
    7 00000008                 ALIGN
    8 00000008         
    9 00000008                 AREA             mycode, CODE, READONLY
   10 00000000                 ENTRY
   11 00000000                 EXPORT           Reset_Handler
   12 00000000         
   13 00000000         Reset_Handler
   14 00000000 480F            LDR              R0, =SRC
   15 00000002 4910            LDR              R1, =DST
   16 00000004 F04F 020A       MOV              R2, #10
   17 00000008         
   18 00000008         Copy
   19 00000008 F850 3B04       LDR              R3,[R0],#4
   20 0000000C F841 3B04       STR              R3,[R1],#4
   21 00000010 1E52            SUBS             R2, R2, #1
   22 00000012 D1F9            BNE              Copy        ;
   23 00000014         
   24 00000014         
   25 00000014         
   26 00000014 E7FE    STOP    B                STOP
   27 00000016 00 00 000ABCDF 
              00012345 
              0000DCEF 
              00AB1234 
              00001032 
              21231223 
              0023FE1A 
              00AB564E 
              00012345 
              ABCDE123 SRC     DCD              0xABCDF, 0x12345, 0xDCEF, 0xAB1
234, 0x1032, 0x21231223, 0x23FE1A, 0xAB564E, 0x12345, 0xABCDE123
   28 00000040 00000000 
              00000000         AREA             mydata, DATA, READWRITE
   29 00000000 00000000 
                       DST     DCD              0
   30 00000004         
   31 00000004         
   32 00000004                 END
Command Line: --debug --xref --cpu=Cortex-M3 --apcs=interwork --depend=Q1.d -oQ
1.o -IC:\Keil\ARM\RV31\INC -IC:\Keil\ARM\CMSIS\Include -IC:\Keil\ARM\Inc\NXP\LP
C17xx --predefine="__EVAL SETA 1" --list=Q1.lst Q1.asm



ARM Macro Assembler    Page 1 Alphabetic symbol ordering
Relocatable symbols

RESET 00000000

Symbol: RESET
   Definitions
      At line 1 in file Q1.asm
   Uses
      None
Comment: RESET unused
__Vectors 00000000

Symbol: __Vectors
   Definitions
      At line 4 in file Q1.asm
   Uses
      At line 2 in file Q1.asm
Comment: __Vectors used once
2 symbols



ARM Macro Assembler    Page 1 Alphabetic symbol ordering
Relocatable symbols

Copy 00000008

Symbol: Copy
   Definitions
      At line 18 in file Q1.asm
   Uses
      At line 22 in file Q1.asm
Comment: Copy used once
Reset_Handler 00000000

Symbol: Reset_Handler
   Definitions
      At line 13 in file Q1.asm
   Uses
      At line 6 in file Q1.asm
      At line 11 in file Q1.asm

SRC 00000018

Symbol: SRC
   Definitions
      At line 27 in file Q1.asm
   Uses
      At line 14 in file Q1.asm
Comment: SRC used once
STOP 00000014

Symbol: STOP
   Definitions
      At line 26 in file Q1.asm
   Uses
      At line 26 in file Q1.asm
Comment: STOP used once
mycode 00000000

Symbol: mycode
   Definitions
      At line 9 in file Q1.asm
   Uses
      None
Comment: mycode unused
5 symbols



ARM Macro Assembler    Page 1 Alphabetic symbol ordering
Relocatable symbols

DST 00000000

Symbol: DST
   Definitions
      At line 29 in file Q1.asm
   Uses
      At line 15 in file Q1.asm
Comment: DST used once
mydata 00000000

Symbol: mydata
   Definitions
      At line 28 in file Q1.asm
   Uses
      None
Comment: mydata unused
2 symbols
342 symbols in table
